-------------------------------------------------------
Starting PROCESS 1: Fetching item info
-------------------------------------------------------
True
0
saved 0 items from 롱슬리브 section
0
saved 0 items from 숏슬리브 section
0
saved 0 items from 슬리브리스 section
0
saved 0 items from 크롭 탑 section
0
saved 0 items from 폴로 셔츠 section
0
saved 0 items from 후디 section
0
saved 0 items from 스웨트셔츠 section
0
saved 0 items from 집업후디 section
0
saved 0 items from 롱 슬리브 section
0
saved 0 items from 숏 슬리브 section
0
saved 0 items from 블라우스 section
0
saved 0 items from 라운드넥 section
288
saved 0 items from 브이넥 section
424
saved 0 items from 터틀넥 section
178
saved 0 items from 베스트 section
798
saved 0 items from 가디건 section
1008
saved 0 items from 미니 section
1008
saved 0 items from 미디/롱 section
385
saved 0 items from 치노 section
1008
saved 0 items from 스웨트팬츠 section
1008
saved 0 items from 스트레이트 section
1008
saved 0 items from 와이드 section
53
saved 0 items from 스키니 section
183
saved 0 items from 부츠컷 section
1008
saved 0 items from 쇼츠 section
346
saved 0 items from 레깅스 section
746
saved 0 items from 스트레이트 section
372
saved 0 items from 와이드 section
174
saved 0 items from 스키니 section
134
saved 0 items from 부츠컷 section
107
saved 0 items from 크롭 section
80
saved 0 items from 스커트 section
262
saved 0 items from 쇼츠 section
1008
saved 0 items from 미니 section
1008
saved 0 items from 미디/맥시 section
234
saved 0 items from 드레스 section
38
saved 0 items from 올인원 section
93
saved 0 items from 점프수트 section
Traceback (most recent call last):
  File "THISONE_download_seoulstore.py", line 348, in <module>
    print(args.isfirst)
  File "THISONE_download_seoulstore.py", line 183, in get_products1
    print("saved {} items from {} section".format(cat_post_count, category_dict[cat]['name']))
FileNotFoundError: [Errno 2] No such file or directory: '/root/Personal_Shopper-KJH-KIDS/crawler/UpdateProduct/categorized_tong.json'
